<?xml version="1.0" encoding="UTF-8"?>
<testng-results ignored="0" total="1" passed="1" failed="0" skipped="0">
  <reporter-output>
  </reporter-output>
  <suite started-at="2026-02-03T21:45:36 IST" name="LoginSuite" finished-at="2026-02-03T21:45:42 IST" duration-ms="5877">
    <groups>
    </groups>
    <test started-at="2026-02-03T21:45:36 IST" name="LoginTest" finished-at="2026-02-03T21:45:42 IST" duration-ms="5877">
      <class name="LoginTest">
        <test-method signature="loginAutomationTest()[pri:0, instance:LoginTest@79ad8b2f]" started-at="2026-02-03T21:45:36 IST" name="loginAutomationTest" finished-at="2026-02-03T21:45:42 IST" duration-ms="5812" status="PASS">
          <reporter-output>
          </reporter-output>
        </test-method> <!-- loginAutomationTest -->
      </class> <!-- LoginTest -->
    </test> <!-- LoginTest -->
  </suite> <!-- LoginSuite -->
</testng-results>
